2024-04-11T14:24:00.501+05:30  INFO 7692 --- [restartedMain] o.s.s.web.DefaultSecurityFilterChain     : Will secure any request with [org.springframework.security.web.session.DisableEncodeUrlFilter@7403b65b, org.springframework.security.web.context.request.async.WebAsyncManagerIntegrationFilter@18b453bf, org.springframework.security.web.context.SecurityContextHolderFilter@1d1e5cb1, org.springframework.security.web.header.HeaderWriterFilter@4deccdaf, org.springframework.web.filter.CorsFilter@79f495b8, org.springframework.security.web.csrf.CsrfFilter@1b9daa89, org.springframework.security.web.authentication.logout.LogoutFilter@43062b0, org.springframework.security.web.authentication.UsernamePasswordAuthenticationFilter@154cd41e, org.springframework.security.web.savedrequest.RequestCacheAwareFilter@f1258a6, org.springframework.security.web.servletapi.SecurityContextHolderAwareRequestFilter@30227d92, org.springframework.security.web.authentication.rememberme.RememberMeAuthenticationFilter@57c6dce5, org.springframework.security.web.authentication.AnonymousAuthenticationFilter@75223f83, org.springframework.security.web.access.ExceptionTranslationFilter@1aea6f41, org.springframework.security.web.access.intercept.AuthorizationFilter@c2e09ca]
2024-04-11T14:24:00.833+05:30  WARN 7692 --- [restartedMain] o.s.s.c.a.web.builders.WebSecurity       : You are asking Spring Security to ignore Mvc [pattern='/images/**']. This is not recommended -- please use permitAll via HttpSecurity#authorizeHttpRequests instead.
2024-04-11T14:24:00.833+05:30  INFO 7692 --- [restartedMain] o.s.s.web.DefaultSecurityFilterChain     : Will not secure Mvc [pattern='/images/**']
2024-04-11T14:24:00.834+05:30  WARN 7692 --- [restartedMain] o.s.s.c.a.web.builders.WebSecurity       : You are asking Spring Security to ignore Mvc [pattern='/js/**']. This is not recommended -- please use permitAll via HttpSecurity#authorizeHttpRequests instead.
2024-04-11T14:24:00.834+05:30  INFO 7692 --- [restartedMain] o.s.s.web.DefaultSecurityFilterChain     : Will not secure Mvc [pattern='/js/**']
2024-04-11T14:24:00.834+05:30  WARN 7692 --- [restartedMain] o.s.s.c.a.web.builders.WebSecurity       : You are asking Spring Security to ignore Mvc [pattern='/webjars/**']. This is not recommended -- please use permitAll via HttpSecurity#authorizeHttpRequests instead.
2024-04-11T14:24:00.835+05:30  INFO 7692 --- [restartedMain] o.s.s.web.DefaultSecurityFilterChain     : Will not secure Mvc [pattern='/webjars/**']
2024-04-11T14:24:00.923+05:30  INFO 7692 --- [restartedMain] o.s.b.d.a.OptionalLiveReloadServer       : LiveReload server is running on port 35729
2024-04-11T14:24:00.986+05:30  INFO 7692 --- [restartedMain] o.s.b.w.embedded.tomcat.TomcatWebServer  : Tomcat started on port 8080 (http) with context path '/Shopmeadmin'
2024-04-11T14:24:01.004+05:30  INFO 7692 --- [restartedMain] c.shopme.admin.ShopmeBackEndApplication  : Started ShopmeBackEndApplication in 15.751 seconds (process running for 18.283)
2024-04-09T14:33:01.441+05:30  INFO 7692 --- [File Watcher] rtingClassPathChangeChangedEventListener : Restarting due to 1 class path change (0 additions, 0 deletions, 1 modification)
2024-04-09T14:33:01.528+05:30  INFO 7692 --- [Thread-5] j.LocalContainerEntityManagerFactoryBean : Closing JPA EntityManagerFactory for persistence unit 'default'
2024-04-09T14:33:01.569+05:30  INFO 7692 --- [Thread-5] com.zaxxer.hikari.HikariDataSource       : HikariPool-1 - Shutdown initiated...
2024-04-09T14:33:01.658+05:30  INFO 7692 --- [Thread-5] com.zaxxer.hikari.HikariDataSource       : HikariPool-1 - Shutdown completed.
2024-04-09T14:33:01.884+05:30  INFO 7692 --- [restartedMain] c.shopme.admin.ShopmeBackEndApplication  : Starting ShopmeBackEndApplication using Java 21.0.1 with PID 7692 (C:\Users\lenovo\Documents\workspace-spring-tool-suite-4\ShopmeProject\ShopmeWebParent\ShopmeBackEnd\target\classes started by lenovo in C:\Users\lenovo\Documents\workspace-spring-tool-suite-4\ShopmeProject\ShopmeWebParent\ShopmeBackEnd)
2024-04-09T14:33:01.885+05:30  INFO 7692 --- [restartedMain] c.shopme.admin.ShopmeBackEndApplication  : No active profile set, falling back to 1 default profile: "default"
2024-04-09T14:33:02.402+05:30  INFO 7692 --- [restartedMain] .s.d.r.c.RepositoryConfigurationDelegate : Bootstrapping Spring Data JPA repositories in DEFAULT mode.
2024-04-09T14:33:02.439+05:30  INFO 7692 --- [restartedMain] .s.d.r.c.RepositoryConfigurationDelegate : Finished Spring Data repository scanning in 36 ms. Found 2 JPA repository interfaces.
2024-04-09T14:33:02.828+05:30  INFO 7692 --- [restartedMain] o.s.b.w.embedded.tomcat.TomcatWebServer  : Tomcat initialized with port 8080 (http)
2024-04-09T14:33:02.831+05:30  INFO 7692 --- [restartedMain] o.apache.catalina.core.StandardService   : Starting service [Tomcat]
2024-04-09T14:33:02.831+05:30  INFO 7692 --- [restartedMain] o.apache.catalina.core.StandardEngine    : Starting Servlet engine: [Apache Tomcat/10.1.19]
2024-04-09T14:33:02.879+05:30  INFO 7692 --- [restartedMain] o.a.c.c.C.[.[localhost].[/Shopmeadmin]   : Initializing Spring embedded WebApplicationContext
2024-04-09T14:33:02.879+05:30  INFO 7692 --- [restartedMain] w.s.c.ServletWebServerApplicationContext : Root WebApplicationContext: initialization completed in 986 ms
2024-04-09T14:33:03.004+05:30  INFO 7692 --- [restartedMain] o.hibernate.jpa.internal.util.LogHelper  : HHH000204: Processing PersistenceUnitInfo [name: default]
2024-04-09T14:33:03.017+05:30  INFO 7692 --- [restartedMain] o.h.c.internal.RegionFactoryInitiator    : HHH000026: Second-level cache disabled
2024-04-09T14:33:03.031+05:30  INFO 7692 --- [restartedMain] o.s.o.j.p.SpringPersistenceUnitInfo      : No LoadTimeWeaver setup: ignoring JPA class transformer
2024-04-09T14:33:03.036+05:30  INFO 7692 --- [restartedMain] com.zaxxer.hikari.HikariDataSource       : HikariPool-2 - Starting...
2024-04-09T14:33:03.161+05:30  INFO 7692 --- [restartedMain] com.zaxxer.hikari.pool.HikariPool        : HikariPool-2 - Added connection com.mysql.cj.jdbc.ConnectionImpl@6ce10942
2024-04-09T14:33:03.161+05:30  INFO 7692 --- [restartedMain] com.zaxxer.hikari.HikariDataSource       : HikariPool-2 - Start completed.
2024-04-09T14:33:03.166+05:30  WARN 7692 --- [restartedMain] org.hibernate.orm.deprecation            : HHH90000025: MySQLDialect does not need to be specified explicitly using 'hibernate.dialect' (remove the property setting and it will be selected by default)
2024-04-09T14:33:03.308+05:30  INFO 7692 --- [restartedMain] o.h.e.t.j.p.i.JtaPlatformInitiator       : HHH000489: No JTA platform available (set 'hibernate.transaction.jta.platform' to enable JTA platform integration)
2024-04-09T14:33:03.592+05:30  INFO 7692 --- [restartedMain] j.LocalContainerEntityManagerFactoryBean : Initialized JPA EntityManagerFactory for persistence unit 'default'
2024-04-09T14:33:03.789+05:30  WARN 7692 --- [restartedMain] JpaBaseConfiguration$JpaWebConfiguration : spring.jpa.open-in-view is enabled by default. Therefore, database queries may be performed during view rendering. Explicitly configure spring.jpa.open-in-view to disable this warning
2024-04-09T14:33:03.827+05:30  INFO 7692 --- [restartedMain] o.s.b.a.w.s.WelcomePageHandlerMapping    : Adding welcome page template: index
2024-04-09T14:33:04.396+05:30  INFO 7692 --- [restartedMain] o.s.s.web.DefaultSecurityFilterChain     : Will secure any request with [org.springframework.security.web.session.DisableEncodeUrlFilter@4702fba, org.springframework.security.web.context.request.async.WebAsyncManagerIntegrationFilter@1b6e4bae, org.springframework.security.web.context.SecurityContextHolderFilter@61307c9a, org.springframework.security.web.header.HeaderWriterFilter@a269628, org.springframework.web.filter.CorsFilter@179e782c, org.springframework.security.web.csrf.CsrfFilter@62143e29, org.springframework.security.web.authentication.logout.LogoutFilter@442d26ff, org.springframework.security.web.authentication.UsernamePasswordAuthenticationFilter@46d954a3, org.springframework.security.web.savedrequest.RequestCacheAwareFilter@2296e3e3, org.springframework.security.web.servletapi.SecurityContextHolderAwareRequestFilter@dae70dc, org.springframework.security.web.authentication.rememberme.RememberMeAuthenticationFilter@20f5b068, org.springframework.security.web.authentication.AnonymousAuthenticationFilter@1ae5ec47, org.springframework.security.web.access.ExceptionTranslationFilter@2850e8ed, org.springframework.security.web.access.intercept.AuthorizationFilter@6bee9dff]
2024-04-09T14:33:04.556+05:30  WARN 7692 --- [restartedMain] o.s.s.c.a.web.builders.WebSecurity       : You are asking Spring Security to ignore Mvc [pattern='/images/**']. This is not recommended -- please use permitAll via HttpSecurity#authorizeHttpRequests instead.
2024-04-09T14:33:04.556+05:30  INFO 7692 --- [restartedMain] o.s.s.web.DefaultSecurityFilterChain     : Will not secure Mvc [pattern='/images/**']
2024-04-09T14:33:04.556+05:30  WARN 7692 --- [restartedMain] o.s.s.c.a.web.builders.WebSecurity       : You are asking Spring Security to ignore Mvc [pattern='/js/**']. This is not recommended -- please use permitAll via HttpSecurity#authorizeHttpRequests instead.
2024-04-09T14:33:04.556+05:30  INFO 7692 --- [restartedMain] o.s.s.web.DefaultSecurityFilterChain     : Will not secure Mvc [pattern='/js/**']
2024-04-09T14:33:04.556+05:30  WARN 7692 --- [restartedMain] o.s.s.c.a.web.builders.WebSecurity       : You are asking Spring Security to ignore Mvc [pattern='/webjars/**']. This is not recommended -- please use permitAll via HttpSecurity#authorizeHttpRequests instead.
2024-04-09T14:33:04.558+05:30  INFO 7692 --- [restartedMain] o.s.s.web.DefaultSecurityFilterChain     : Will not secure Mvc [pattern='/webjars/**']
2024-04-09T14:33:04.587+05:30  INFO 7692 --- [restartedMain] o.s.b.d.a.OptionalLiveReloadServer       : LiveReload server is running on port 35729
2024-04-09T14:33:04.619+05:30  INFO 7692 --- [restartedMain] o.s.b.w.embedded.tomcat.TomcatWebServer  : Tomcat started on port 8080 (http) with context path '/Shopmeadmin'
2024-04-09T14:33:04.629+05:30  INFO 7692 --- [restartedMain] c.shopme.admin.ShopmeBackEndApplication  : Started ShopmeBackEndApplication in 2.824 seconds (process running for 549.016)
2024-04-09T14:33:04.634+05:30  INFO 7692 --- [restartedMain] .ConditionEvaluationDeltaLoggingListener : Condition evaluation unchanged
2024-04-09T14:33:19.998+05:30  INFO 7692 --- [http-nio-8080-exec-1] o.a.c.c.C.[.[localhost].[/Shopmeadmin]   : Initializing Spring DispatcherServlet 'dispatcherServlet'
2024-04-09T14:33:19.998+05:30  INFO 7692 --- [http-nio-8080-exec-1] o.s.web.servlet.DispatcherServlet        : Initializing Servlet 'dispatcherServlet'
2024-04-09T14:33:20.002+05:30  INFO 7692 --- [http-nio-8080-exec-1] o.s.web.servlet.DispatcherServlet        : Completed initialization in 1 ms
2024-04-09T14:33:21.051+05:30  WARN 7692 --- [http-nio-8080-exec-1] o.a.c.util.SessionIdGeneratorBase        : Creation of SecureRandom instance for session ID generation using [SHA1PRNG] took [295] milliseconds.
2024-04-09T14:33:34.365+05:30  WARN 7692 --- [http-nio-8080-exec-5] actStandardFragmentInsertionTagProcessor : [THYMELEAF][http-nio-8080-exec-5][index] Deprecated unwrapped fragment expression "fragments :: page_head('Home-Slipkart Admin')" found in template index, line 4, col 7. Please use the complete syntax of fragment expressions instead ("~{fragments :: page_head('Home-Slipkart Admin')}"). The old, unwrapped syntax for fragment expressions will be removed in future versions of Thymeleaf.
2024-04-09T14:33:34.686+05:30  WARN 7692 --- [http-nio-8080-exec-5] actStandardFragmentInsertionTagProcessor : [THYMELEAF][http-nio-8080-exec-5][index] Deprecated unwrapped fragment expression "navigation :: menu" found in template index, line 7, col 7. Please use the complete syntax of fragment expressions instead ("~{navigation :: menu}"). The old, unwrapped syntax for fragment expressions will be removed in future versions of Thymeleaf.
2024-04-09T14:33:35.455+05:30  WARN 7692 --- [http-nio-8080-exec-5] actStandardFragmentInsertionTagProcessor : [THYMELEAF][http-nio-8080-exec-5][index] Deprecated unwrapped fragment expression "fragments :: footer" found in template index, line 17, col 7. Please use the complete syntax of fragment expressions instead ("~{fragments :: footer}"). The old, unwrapped syntax for fragment expressions will be removed in future versions of Thymeleaf.
