2024-04-11T14:23:35.511+05:30  INFO 14144 --- [RMI TCP Connection(8)-127.0.0.1] inMXBeanRegistrar$SpringApplicationAdmin : Application shutdown requested.
2024-04-11T14:23:35.536+05:30  INFO 14144 --- [RMI TCP Connection(8)-127.0.0.1] j.LocalContainerEntityManagerFactoryBean : Closing JPA EntityManagerFactory for persistence unit 'default'
2024-04-11T14:23:35.543+05:30  INFO 14144 --- [RMI TCP Connection(8)-127.0.0.1] com.zaxxer.hikari.HikariDataSource       : HikariPool-1 - Shutdown initiated...
2024-04-11T14:23:35.562+05:30  INFO 14144 --- [RMI TCP Connection(8)-127.0.0.1] com.zaxxer.hikari.HikariDataSource       : HikariPool-1 - Shutdown completed.
2024-04-11T14:23:47.042+05:30  INFO 7692 --- [restartedMain] c.shopme.admin.ShopmeBackEndApplication  : Starting ShopmeBackEndApplication using Java 21.0.1 with PID 7692 (C:\Users\lenovo\Documents\workspace-spring-tool-suite-4\ShopmeProject\ShopmeWebParent\ShopmeBackEnd\target\classes started by lenovo in C:\Users\lenovo\Documents\workspace-spring-tool-suite-4\ShopmeProject\ShopmeWebParent\ShopmeBackEnd)
2024-04-11T14:23:47.046+05:30  INFO 7692 --- [restartedMain] c.shopme.admin.ShopmeBackEndApplication  : No active profile set, falling back to 1 default profile: "default"
2024-04-11T14:23:47.158+05:30  INFO 7692 --- [restartedMain] .e.DevToolsPropertyDefaultsPostProcessor : Devtools property defaults active! Set 'spring.devtools.add-properties' to 'false' to disable
2024-04-11T14:23:47.159+05:30  INFO 7692 --- [restartedMain] .e.DevToolsPropertyDefaultsPostProcessor : For additional web related logging consider setting the 'logging.level.web' property to 'DEBUG'
2024-04-11T14:23:48.927+05:30  INFO 7692 --- [restartedMain] .s.d.r.c.RepositoryConfigurationDelegate : Bootstrapping Spring Data JPA repositories in DEFAULT mode.
2024-04-11T14:23:49.170+05:30  INFO 7692 --- [restartedMain] .s.d.r.c.RepositoryConfigurationDelegate : Finished Spring Data repository scanning in 226 ms. Found 2 JPA repository interfaces.
2024-04-11T14:23:52.273+05:30  INFO 7692 --- [restartedMain] o.s.b.w.embedded.tomcat.TomcatWebServer  : Tomcat initialized with port 8080 (http)
2024-04-11T14:23:52.309+05:30  INFO 7692 --- [restartedMain] o.apache.catalina.core.StandardService   : Starting service [Tomcat]
2024-04-11T14:23:52.309+05:30  INFO 7692 --- [restartedMain] o.apache.catalina.core.StandardEngine    : Starting Servlet engine: [Apache Tomcat/10.1.19]
2024-04-11T14:23:52.466+05:30  INFO 7692 --- [restartedMain] o.a.c.c.C.[.[localhost].[/Shopmeadmin]   : Initializing Spring embedded WebApplicationContext
2024-04-11T14:23:52.467+05:30  INFO 7692 --- [restartedMain] w.s.c.ServletWebServerApplicationContext : Root WebApplicationContext: initialization completed in 5307 ms
2024-04-11T14:23:53.117+05:30  INFO 7692 --- [restartedMain] o.hibernate.jpa.internal.util.LogHelper  : HHH000204: Processing PersistenceUnitInfo [name: default]
2024-04-11T14:23:53.604+05:30  INFO 7692 --- [restartedMain] org.hibernate.Version                    : HHH000412: Hibernate ORM core version 6.4.4.Final
2024-04-11T14:23:53.955+05:30  INFO 7692 --- [restartedMain] o.h.c.internal.RegionFactoryInitiator    : HHH000026: Second-level cache disabled
2024-04-11T14:23:54.754+05:30  INFO 7692 --- [restartedMain] o.s.o.j.p.SpringPersistenceUnitInfo      : No LoadTimeWeaver setup: ignoring JPA class transformer
2024-04-11T14:23:54.812+05:30  INFO 7692 --- [restartedMain] com.zaxxer.hikari.HikariDataSource       : HikariPool-1 - Starting...
2024-04-11T14:23:55.423+05:30  INFO 7692 --- [restartedMain] com.zaxxer.hikari.pool.HikariPool        : HikariPool-1 - Added connection com.mysql.cj.jdbc.ConnectionImpl@5f6ed6a2
2024-04-11T14:23:55.433+05:30  INFO 7692 --- [restartedMain] com.zaxxer.hikari.HikariDataSource       : HikariPool-1 - Start completed.
2024-04-11T14:23:55.594+05:30  WARN 7692 --- [restartedMain] org.hibernate.orm.deprecation            : HHH90000025: MySQLDialect does not need to be specified explicitly using 'hibernate.dialect' (remove the property setting and it will be selected by default)
2024-04-11T14:23:57.364+05:30  INFO 7692 --- [restartedMain] o.h.e.t.j.p.i.JtaPlatformInitiator       : HHH000489: No JTA platform available (set 'hibernate.transaction.jta.platform' to enable JTA platform integration)
2024-04-11T14:23:57.597+05:30  INFO 7692 --- [restartedMain] j.LocalContainerEntityManagerFactoryBean : Initialized JPA EntityManagerFactory for persistence unit 'default'
2024-04-11T14:23:58.025+05:30  INFO 7692 --- [restartedMain] o.s.d.j.r.query.QueryEnhancerFactory     : Hibernate is in classpath; If applicable, HQL parser will be used.
2024-04-11T14:23:59.144+05:30  WARN 7692 --- [restartedMain] JpaBaseConfiguration$JpaWebConfiguration : spring.jpa.open-in-view is enabled by default. Therefore, database queries may be performed during view rendering. Explicitly configure spring.jpa.open-in-view to disable this warning
2024-04-11T14:23:59.390+05:30  INFO 7692 --- [restartedMain] o.s.b.a.w.s.WelcomePageHandlerMapping    : Adding welcome page template: index
